<?xml version="1.0" encoding="UTF-8"?>
<testng-results ignored="0" total="1" passed="1" failed="0" skipped="0">
  <reporter-output>
  </reporter-output>
  <suite started-at="2023-09-30T10:47:57 IST" name="Default suite" finished-at="2023-09-30T10:48:01 IST" duration-ms="3768">
    <groups>
    </groups>
    <test started-at="2023-09-30T10:47:57 IST" name="Default test" finished-at="2023-09-30T10:48:01 IST" duration-ms="3768">
      <class name="sample.Version">
        <test-method is-config="true" signature="setUp()[pri:0, instance:sample.Version@1189dd52]" started-at="2023-09-30T10:47:57 IST" name="setUp" finished-at="2023-09-30T10:48:00 IST" duration-ms="2866" status="PASS">
          <reporter-output>
          </reporter-output>
        </test-method> <!-- setUp -->
        <test-method signature="testLogin()[pri:0, instance:sample.Version@1189dd52]" started-at="2023-09-30T10:48:00 IST" name="testLogin" finished-at="2023-09-30T10:48:01 IST" duration-ms="861" status="PASS">
          <reporter-output>
          </reporter-output>
        </test-method> <!-- testLogin -->
      </class> <!-- sample.Version -->
    </test> <!-- Default test -->
  </suite> <!-- Default suite -->
</testng-results>
